INFO:sim:172 - Generating IP...
Applying current project options...
Finished applying current project options.
WARNING:sim - A core named 'fontrom' already exists in the project. Output
   products for this core may be overwritten.
Resolving generics for 'fontrom'...
WARNING:sim - A core named 'fontrom' already exists in the project. Output
   products for this core may be overwritten.
Applying external generics to 'fontrom'...
Delivering associated files for 'fontrom'...
Delivering EJava files for 'fontrom'...
Generating implementation netlist for 'fontrom'...
INFO:sim - Pre-processing HDL files for 'fontrom'...
Running synthesis for 'fontrom'
Running ngcbuild...
Writing VHO instantiation template for 'fontrom'...
Writing VHDL behavioral simulation model for 'fontrom'...
Generating ASY schematic symbol...
INFO:sim:949 - Finished generation of ASY schematic symbol.
Generating SYM schematic symbol for 'fontrom'...
Generating metadata file...
Generating ISE project...
XCO file found: fontrom.xco
XMDF file found: fontrom_xmdf.tcl
Adding C:/Users/Kapitan/Documents/8 Bit/Aeon Lite/Aeon-Lite-master/cores/MY
MIPS/src/VGA Console/fontrom/tmp/_cg/blk_mem_gen_v6_3_readme.txt -view all
-origin_type imported
Adding C:/Users/Kapitan/Documents/8 Bit/Aeon Lite/Aeon-Lite-master/cores/MY
MIPS/src/VGA Console/fontrom/tmp/_cg/fontrom.asy -view all -origin_type imported
Adding C:/Users/Kapitan/Documents/8 Bit/Aeon Lite/Aeon-Lite-master/cores/MY
MIPS/src/VGA Console/fontrom/tmp/_cg/fontrom.ngc -view all -origin_type created
Checking file "C:/Users/Kapitan/Documents/8 Bit/Aeon
Lite/Aeon-Lite-master/cores/MY MIPS/src/VGA Console/fontrom/tmp/_cg/fontrom.ngc"
for project device match ...
File "C:/Users/Kapitan/Documents/8 Bit/Aeon Lite/Aeon-Lite-master/cores/MY
MIPS/src/VGA Console/fontrom/tmp/_cg/fontrom.ngc" device information matches
project device.
Adding C:/Users/Kapitan/Documents/8 Bit/Aeon Lite/Aeon-Lite-master/cores/MY
MIPS/src/VGA Console/fontrom/tmp/_cg/fontrom.sym -view all -origin_type imported
Adding C:/Users/Kapitan/Documents/8 Bit/Aeon Lite/Aeon-Lite-master/cores/MY
MIPS/src/VGA Console/fontrom/tmp/_cg/fontrom.vhd -view all -origin_type created
INFO:HDLCompiler:1061 - Parsing VHDL file "C:/Users/Kapitan/Documents/8 Bit/Aeon
   Lite/Aeon-Lite-master/cores/MY MIPS/src/VGA
   Console/fontrom/tmp/_cg/fontrom.vhd" into library work
INFO:ProjectMgmt - Parsing design hierarchy completed successfully.
Adding C:/Users/Kapitan/Documents/8 Bit/Aeon Lite/Aeon-Lite-master/cores/MY
MIPS/src/VGA Console/fontrom/tmp/_cg/fontrom.vho -view all -origin_type imported
INFO:TclTasksC:2116 - The automatic calculation of top has been turned-off.
   Please set the new top explicitly by running the "project set top" command.
   To re-calculate the new top automatically, set the "Auto Implementation Top"
   property to true.
Top level has been set to "/fontrom"
Generating README file...
Generating FLIST file...
INFO:sim:948 - Finished FLIST file generation.
Launching README viewer...
Moving files to output directory...
Finished moving files to output directory
Wrote CGP file for project 'fontrom'.
